ASSERTION	AAECAAMEAAAAAAAAwFdA
RUN	demoanton.RecordedSimulation	recordedsimulation	1603569337601	 	3.3.1
USER	RecordedSimulation	1	START	1603569339450	1603569339450
REQUEST	1		homePage	1603569339518	1603569339798	OK	 
USER	RecordedSimulation	2	START	1603569342450	1603569342450
REQUEST	2		homePage	1603569342455	1603569342679	OK	 
REQUEST	1		iPhonePage	1603569344188	1603569344436	OK	 
USER	RecordedSimulation	3	START	1603569346446	1603569346446
REQUEST	3		homePage	1603569346449	1603569346775	OK	 
REQUEST	2		iPhonePage	1603569347609	1603569347933	OK	 
USER	RecordedSimulation	4	START	1603569350443	1603569350443
REQUEST	4		homePage	1603569350446	1603569350708	OK	 
REQUEST	3		iPhonePage	1603569351735	1603569351971	OK	 
REQUEST	4		iPhonePage	1603569355166	1603569355400	OK	 
REQUEST	1		selectedIPhonePage	1603569357450	1603569357628	OK	 
REQUEST	1		buyAndGoToCart	1603569358728	1603569358859	KO	status.find.is(200), but actually found 500
REQUEST	2		selectedIPhonePage	1603569360946	1603569361691	OK	 
REQUEST	1		homePageAgain	1603569363270	1603569363383	OK	 
REQUEST	3		selectedIPhonePage	1603569364977	1603569365135	OK	 
REQUEST	2		buyAndGoToCart	1603569365956	1603569366066	KO	status.find.is(200), but actually found 500
REQUEST	1		watchPage	1603569367196	1603569367831	OK	 
REQUEST	4		selectedIPhonePage	1603569368394	1603569368541	OK	 
REQUEST	2		homePageAgain	1603569368806	1603569368951	OK	 
REQUEST	3		buyAndGoToCart	1603569369146	1603569369249	KO	status.find.is(200), but actually found 500
REQUEST	3		homePageAgain	1603569371924	1603569372042	OK	 
REQUEST	4		buyAndGoToCart	1603569372950	1603569373056	KO	status.find.is(200), but actually found 500
REQUEST	2		watchPage	1603569373295	1603569373557	OK	 
REQUEST	3		watchPage	1603569376797	1603569377006	OK	 
REQUEST	4		homePageAgain	1603569377765	1603569377888	OK	 
REQUEST	4		watchPage	1603569382123	1603569382348	OK	 
REQUEST	1		selectedWatchPage	1603569382834	1603569383007	OK	 
REQUEST	1		buyAndGoToCartFromWatch	1603569385971	1603569386075	OK	 
USER	RecordedSimulation	1	END	1603569339450	1603569386084
REQUEST	2		selectedWatchPage	1603569388567	1603569388739	OK	 
REQUEST	2		buyAndGoToCartFromWatch	1603569391326	1603569391434	OK	 
USER	RecordedSimulation	2	END	1603569342450	1603569391438
REQUEST	3		selectedWatchPage	1603569391987	1603569392136	OK	 
REQUEST	3		buyAndGoToCartFromWatch	1603569393145	1603569394388	OK	 
USER	RecordedSimulation	3	END	1603569346446	1603569394395
REQUEST	4		selectedWatchPage	1603569397334	1603569397585	OK	 
REQUEST	4		buyAndGoToCartFromWatch	1603569401748	1603569401861	OK	 
USER	RecordedSimulation	4	END	1603569350443	1603569401868
