ASSERTION	AAECAAMEAAAAAAAAwFdA
RUN	demoanton.RecordedSimulation	recordedsimulation	1603570736838	 	3.3.1
USER	RecordedSimulation	1	START	1603570738720	1603570738720
REQUEST	1		homePage	1603570738809	1603570739076	OK	 
REQUEST	1		iPhonePage	1603570741130	1603570741366	OK	 
USER	RecordedSimulation	2	START	1603570741653	1603570741653
REQUEST	2		homePage	1603570741654	1603570741830	OK	 
REQUEST	2		iPhonePage	1603570743277	1603570743522	OK	 
USER	RecordedSimulation	3	START	1603570745662	1603570745662
REQUEST	3		homePage	1603570745664	1603570745892	OK	 
REQUEST	3		iPhonePage	1603570747955	1603570748201	OK	 
USER	RecordedSimulation	4	START	1603570749673	1603570749673
REQUEST	4		homePage	1603570749674	1603570749879	OK	 
REQUEST	4		iPhonePage	1603570751054	1603570751293	OK	 
REQUEST	1		selectedIPhonePage	1603570754354	1603570754490	OK	 
REQUEST	1		buyAndGoToCart	1603570756324	1603570756431	KO	status.find.is(200), but actually found 500
REQUEST	2		selectedIPhonePage	1603570756520	1603570756653	OK	 
REQUEST	2		buyAndGoToCart	1603570760585	1603570760688	KO	status.find.is(200), but actually found 500
REQUEST	1		homePageAgain	1603570760775	1603570760937	OK	 
REQUEST	3		selectedIPhonePage	1603570761195	1603570761325	OK	 
REQUEST	1		watchPage	1603570762276	1603570762516	OK	 
REQUEST	3		buyAndGoToCart	1603570763233	1603570763334	KO	status.find.is(200), but actually found 500
REQUEST	2		homePageAgain	1603570763474	1603570763632	OK	 
REQUEST	4		selectedIPhonePage	1603570764302	1603570764439	OK	 
REQUEST	3		homePageAgain	1603570767026	1603570767209	OK	 
REQUEST	2		watchPage	1603570768230	1603570768453	OK	 
REQUEST	4		buyAndGoToCart	1603570768664	1603570769208	KO	status.find.is(200), but actually found 500
REQUEST	3		watchPage	1603570770564	1603570770769	OK	 
REQUEST	4		homePageAgain	1603570773145	1603570773321	OK	 
REQUEST	4		watchPage	1603570776343	1603570776544	OK	 
REQUEST	1		selectedWatchPage	1603570777531	1603570777683	OK	 
REQUEST	1		buyAndGoToCartFromWatch	1603570780794	1603570780900	OK	 
USER	RecordedSimulation	1	END	1603570738720	1603570780913
REQUEST	2		selectedWatchPage	1603570783471	1603570783613	OK	 
REQUEST	3		selectedWatchPage	1603570785784	1603570785942	OK	 
REQUEST	2		buyAndGoToCartFromWatch	1603570787575	1603570787680	OK	 
USER	RecordedSimulation	2	END	1603570741653	1603570787681
REQUEST	3		buyAndGoToCartFromWatch	1603570789748	1603570789852	OK	 
USER	RecordedSimulation	3	END	1603570745662	1603570789856
REQUEST	4		selectedWatchPage	1603570791545	1603570791688	OK	 
REQUEST	4		buyAndGoToCartFromWatch	1603570794175	1603570794277	OK	 
USER	RecordedSimulation	4	END	1603570749673	1603570794281
