ASSERTION	AAECAAMEAAAAAAAAwFdA
RUN	demoanton.RecordedSimulation	recordedsimulation	1603570068242	 	3.3.1
USER	RecordedSimulation	1	START	1603570070085	1603570070085
REQUEST	1		homePage	1603570070134	1603570070402	OK	 
USER	RecordedSimulation	2	START	1603570073063	1603570073063
REQUEST	1		iPhonePage	1603570073163	1603570074017	OK	 
REQUEST	2		homePage	1603570073064	1603570074832	OK	 
USER	RecordedSimulation	3	START	1603570077064	1603570077064
REQUEST	3		homePage	1603570077068	1603570077319	OK	 
REQUEST	2		iPhonePage	1603570077822	1603570078073	OK	 
REQUEST	3		iPhonePage	1603570078922	1603570079161	OK	 
USER	RecordedSimulation	4	START	1603570081047	1603570081047
REQUEST	4		homePage	1603570081050	1603570081268	OK	 
REQUEST	4		iPhonePage	1603570084681	1603570084910	OK	 
REQUEST	1		selectedIPhonePage	1603570087037	1603570087172	OK	 
REQUEST	1		buyAndGoToCart	1603570089205	1603570089309	KO	status.find.is(200), but actually found 500
REQUEST	2		selectedIPhonePage	1603570091080	1603570091217	OK	 
REQUEST	1		homePageAgain	1603570091722	1603570091879	OK	 
REQUEST	3		selectedIPhonePage	1603570092161	1603570092313	OK	 
REQUEST	1		watchPage	1603570093392	1603570093605	OK	 
REQUEST	3		buyAndGoToCart	1603570094120	1603570094223	KO	status.find.is(200), but actually found 500
REQUEST	2		buyAndGoToCart	1603570094291	1603570094395	KO	status.find.is(200), but actually found 500
REQUEST	3		homePageAgain	1603570096500	1603570096684	OK	 
REQUEST	4		selectedIPhonePage	1603570097910	1603570098057	OK	 
REQUEST	2		homePageAgain	1603570098221	1603570098389	OK	 
REQUEST	3		watchPage	1603570098552	1603570098764	OK	 
REQUEST	2		watchPage	1603570100790	1603570101004	OK	 
REQUEST	4		buyAndGoToCart	1603570102823	1603570102927	KO	status.find.is(200), but actually found 500
REQUEST	4		homePageAgain	1603570104710	1603570104876	OK	 
REQUEST	4		watchPage	1603570108600	1603570108830	OK	 
REQUEST	1		selectedWatchPage	1603570108600	1603570109832	OK	 
REQUEST	3		selectedWatchPage	1603570113781	1603570113932	OK	 
REQUEST	1		buyAndGoToCartFromWatch	1603570114058	1603570114163	OK	 
USER	RecordedSimulation	1	END	1603570070085	1603570114168
REQUEST	2		selectedWatchPage	1603570116006	1603570116154	OK	 
REQUEST	3		buyAndGoToCartFromWatch	1603570117760	1603570117867	OK	 
USER	RecordedSimulation	3	END	1603570077064	1603570117871
REQUEST	2		buyAndGoToCartFromWatch	1603570120140	1603570120247	OK	 
USER	RecordedSimulation	2	END	1603570073063	1603570120253
REQUEST	4		selectedWatchPage	1603570123837	1603570123986	OK	 
REQUEST	4		buyAndGoToCartFromWatch	1603570126153	1603570126258	OK	 
USER	RecordedSimulation	4	END	1603570081047	1603570126261
