RUN	demoanton.RecordedSimulation	recordedsimulation	1603706796213	 	3.3.1
USER	RecordedSimulation	1	START	1603706797823	1603706797823
REQUEST	1		request_0	1603706797886	1603706798134	OK	 
REQUEST	1		favicon.png	1603706798392	1603706798457	OK	 
REQUEST	1		nivo-slider.css	1603706798480	1603706798501	OK	 
REQUEST	1		meanmenu.min.css	1603706798537	1603706798589	OK	 
REQUEST	1		jquery-ui.css	1603706798591	1603706798650	OK	 
REQUEST	1		font-awesome.min.css	1603706798395	1603706798661	OK	 
REQUEST	1		owl.carousel.css	1603706798396	1603706798685	OK	 
REQUEST	1		owl.theme.css	1603706798398	1603706798690	OK	 
REQUEST	1		owl.transitions.css	1603706798399	1603706798694	OK	 
REQUEST	1		jquery.maskedinput.min.js	1603706798401	1603706798699	OK	 
REQUEST	1		jquery.maskedinput.js	1603706798418	1603706798701	OK	 
REQUEST	1		jquery.maskedinput-1.2.2.js	1603706798419	1603706798703	OK	 
REQUEST	1		start.js	1603706798420	1603706798717	OK	 
REQUEST	1		credit.css	1603706798421	1603706798734	OK	 
REQUEST	1		start.js	1603706798422	1603706798749	OK	 
REQUEST	1		animate.css	1603706798658	1603706798779	OK	 
REQUEST	1		main.css	1603706798668	1603706798791	OK	 
REQUEST	1		bootstrap.min.css	1603706798394	1603706798803	OK	 
REQUEST	1		responsive.css	1603706798692	1603706798821	OK	 
REQUEST	1		css?family=Raleway:400,600	1603706798443	1603706798844	OK	 
REQUEST	1		jquery.countdown.min.js	1603706798423	1603706798852	OK	 
REQUEST	1		logo.png	1603706798787	1603706798854	OK	 
REQUEST	1		css?family=Roboto:400,700	1603706798445	1603706798858	OK	 
REQUEST	1		css?family=PT+Sans	1603706798445	1603706798861	OK	 
REQUEST	1		jquery.magnific-popup.min.js	1603706798438	1603706798884	OK	 
REQUEST	1		style.css	1603706798688	1603706798887	OK	 
REQUEST	1		magnific-popup.min.css	1603706798439	1603706798921	OK	 
REQUEST	1		slick.min.css	1603706798441	1603706798924	OK	 
REQUEST	1		slick.min.js	1603706798443	1603706798928	OK	 
REQUEST	1		slick-theme.min.css	1603706798442	1603706798935	OK	 
REQUEST	1		jquery-1.11.3.min.js	1603706798695	1603706798951	OK	 
REQUEST	1		1600959761_1.jpg	1603706798793	1603706799138	OK	 
REQUEST	1		250_1603013739_27316.jpg	1603706799141	1603706799241	OK	 
REQUEST	1		250_1603013712_87278.jpg	1603706799243	1603706799313	OK	 
REQUEST	1		1600959775_1.jpeg	1603706798807	1603706799352	OK	 
REQUEST	1		250_1603013651_11288.jpg	1603706799354	1603706799417	OK	 
REQUEST	1		250_1603013676_51380.png	1603706799315	1603706799430	OK	 
REQUEST	1		1575716497_1.png	1603706798823	1603706799436	OK	 
REQUEST	1		bootstrap.min.js	1603706799433	1603706799492	OK	 
REQUEST	1		wow.min.js	1603706799439	1603706799500	OK	 
REQUEST	1		jquery.meanmenu.js	1603706799495	1603706799555	OK	 
REQUEST	1		quickview-photo.jpg	1603706799420	1603706799589	OK	 
REQUEST	1		owl.carousel.min.js	1603706799504	1603706799592	OK	 
REQUEST	1		countdon.min.js	1603706799556	1603706799648	OK	 
REQUEST	1		jquery-price-slider.js	1603706799590	1603706799662	OK	 
REQUEST	1		jquery.nivo.slider.js	1603706799594	1603706799690	OK	 
REQUEST	1		plugins.js	1603706799652	1603706799707	OK	 
REQUEST	1		main.js	1603706799665	1603706799714	OK	 
REQUEST	1		1574841914_2.png	1603706798855	1603706799877	OK	 
REQUEST	1		1574841914_1.png	1603706798953	1603706799936	OK	 
REQUEST	1		1575716087_1.png	1603706798890	1603706799964	OK	 
REQUEST	1		request_1	1603706800986	1603706801054	OK	 
REQUEST	1		request_2	1603706816064	1603706816380	OK	 
REQUEST	1		favicon.png	1603706816506	1603706816522	OK	 
REQUEST	1		bootstrap.min.css	1603706816507	1603706816530	OK	 
REQUEST	1		owl.transitions.css	1603706816509	1603706816532	OK	 
REQUEST	1		owl.carousel.css	1603706816508	1603706816535	OK	 
REQUEST	1		owl.theme.css	1603706816509	1603706816538	OK	 
REQUEST	1		font-awesome.min.css	1603706816508	1603706816541	OK	 
REQUEST	1		jquery.maskedinput.min.js	1603706816510	1603706816543	OK	 
REQUEST	1		jquery.maskedinput.js	1603706816511	1603706816544	OK	 
REQUEST	1		jquery.maskedinput-1.2.2.js	1603706816511	1603706816545	OK	 
REQUEST	1		start.js	1603706816512	1603706816547	OK	 
REQUEST	1		credit.css	1603706816513	1603706816548	OK	 
REQUEST	1		start.js	1603706816514	1603706816553	OK	 
REQUEST	1		250_1600957849_37438.jpg	1603706816537	1603706816596	OK	 
REQUEST	1		250_1600957896_19792.jpg	1603706816542	1603706816617	OK	 
REQUEST	1		250_1600955873_78030.png	1603706816531	1603706816638	OK	 
REQUEST	1		250_1449005045_74723.jpg	1603706816529	1603706816647	OK	 
REQUEST	1		250_1600957981_40270.jpg	1603706816597	1603706816653	OK	 
REQUEST	1		250_1600955567_63698.png	1603706816540	1603706816663	OK	 
REQUEST	1		250_1600955911_30166.png	1603706816532	1603706816678	OK	 
REQUEST	1		250_1603012761_17889.png	1603706816621	1603706816736	OK	 
REQUEST	1		250_1600956615_84414.png	1603706816641	1603706816739	OK	 
REQUEST	1		250_1600956656_56377.png	1603706816655	1603706816770	OK	 
REQUEST	1		250_1600957064_91262.png	1603706816665	1603706816782	OK	 
REQUEST	1		250_1600956671_50665.png	1603706816649	1603706816811	OK	 
REQUEST	1		250_1600956104_71359.png	1603706816681	1603706816866	OK	 
REQUEST	1		250_1600956142_31338.png	1603706816738	1603706816885	OK	 
REQUEST	1		250_1603013552_63449.jpg	1603706816813	1603706816891	OK	 
REQUEST	1		250_1600956298_15942.png	1603706816771	1603706816918	OK	 
REQUEST	1		250_1600956543_49351.png	1603706816784	1603706816925	OK	 
REQUEST	1		250_1600959167_24925.jpg	1603706816868	1603706816928	OK	 
REQUEST	1		250_1600956233_25667.png	1603706816741	1603706816943	OK	 
REQUEST	1		250_1600957585_35342.png	1603706816893	1603706816988	OK	 
REQUEST	1		250_1600957549_38981.png	1603706816886	1603706816990	OK	 
REQUEST	1		request_3	1603706825984	1603706826114	OK	 
REQUEST	1		bootstrap.min.css	1603706826187	1603706826203	OK	 
REQUEST	1		favicon.png	1603706826184	1603706826207	OK	 
REQUEST	1		font-awesome.min.css	1603706826189	1603706826211	OK	 
REQUEST	1		owl.carousel.css	1603706826191	1603706826212	OK	 
REQUEST	1		owl.transitions.css	1603706826193	1603706826213	OK	 
REQUEST	1		owl.theme.css	1603706826192	1603706826214	OK	 
REQUEST	1		jquery.maskedinput.min.js	1603706826195	1603706826215	OK	 
REQUEST	1		jquery.maskedinput.js	1603706826196	1603706826216	OK	 
REQUEST	1		jquery.maskedinput-1.2.2.js	1603706826197	1603706826218	OK	 
REQUEST	1		start.js	1603706826198	1603706826220	OK	 
REQUEST	1		credit.css	1603706826200	1603706826221	OK	 
REQUEST	1		start.js	1603706826201	1603706826222	OK	 
REQUEST	1		1449005045_74723.jpg	1603706826206	1603706826282	OK	 
REQUEST	1		request_4	1603706835304	1603706835425	KO	status.find.in(200,201,202,203,204,205,206,207,208,209,304), found 500
REQUEST	1		request_5	1603706847433	1603706847611	OK	 
REQUEST	1		favicon.png	1603706847680	1603706847696	OK	 
REQUEST	1		owl.carousel.css	1603706847684	1603706847701	OK	 
REQUEST	1		bootstrap.min.css	1603706847681	1603706847702	OK	 
REQUEST	1		font-awesome.min.css	1603706847683	1603706847703	OK	 
REQUEST	1		owl.transitions.css	1603706847687	1603706847703	OK	 
REQUEST	1		owl.theme.css	1603706847686	1603706847704	OK	 
REQUEST	1		jquery.maskedinput.min.js	1603706847689	1603706847705	OK	 
REQUEST	1		jquery.maskedinput.js	1603706847690	1603706847706	OK	 
REQUEST	1		jquery.maskedinput-1.2.2.js	1603706847691	1603706847707	OK	 
REQUEST	1		start.js	1603706847692	1603706847708	OK	 
REQUEST	1		start.js	1603706847693	1603706847708	OK	 
REQUEST	1		credit.css	1603706847693	1603706847710	OK	 
REQUEST	1		request_6	1603706856696	1603706856806	KO	status.find.in(200,201,202,203,204,205,206,207,208,209,304), found 500
REQUEST	1		request_13	1603706866825	1603706866991	OK	 
REQUEST	1		favicon.png	1603706867050	1603706867093	OK	 
REQUEST	1		bootstrap.min.css	1603706867052	1603706867110	OK	 
REQUEST	1		font-awesome.min.css	1603706867054	1603706867112	OK	 
REQUEST	1		owl.carousel.css	1603706867055	1603706867114	OK	 
REQUEST	1		owl.theme.css	1603706867055	1603706867116	OK	 
REQUEST	1		owl.transitions.css	1603706867056	1603706867117	OK	 
REQUEST	1		jquery.maskedinput.min.js	1603706867057	1603706867118	OK	 
REQUEST	1		jquery.maskedinput.js	1603706867058	1603706867121	OK	 
REQUEST	1		start.js	1603706867060	1603706867136	OK	 
REQUEST	1		credit.css	1603706867061	1603706867138	OK	 
REQUEST	1		jquery.maskedinput-1.2.2.js	1603706867059	1603706867140	OK	 
REQUEST	1		start.js	1603706867062	1603706867142	OK	 
REQUEST	1		1449485166_85919.jpeg	1603706867095	1603706867213	OK	 
REQUEST	1		1449485166_23111.png	1603706867112	1603706867537	OK	 
REQUEST	1		1449485166_45860.png	1603706867111	1603706867712	OK	 
REQUEST	1		request_14	1603706874705	1603706874813	KO	status.find.in(200,201,202,203,204,205,206,207,208,209,304), found 500
USER	RecordedSimulation	1	END	1603706797823	1603706874848
