RUN	demoanton.RecordedSimulation	recordedsimulation	1603571786475	 	3.3.1
USER	RecordedSimulation	1	START	1603571788267	1603571788267
REQUEST	1		request_0	1603571788309	1603571788549	OK	 
REQUEST	1		favicon.png	1603571788885	1603571788960	OK	 
REQUEST	1		nivo-slider.css	1603571788977	1603571788995	OK	 
REQUEST	1		meanmenu.min.css	1603571789027	1603571789089	OK	 
REQUEST	1		jquery-ui.css	1603571789097	1603571789160	OK	 
REQUEST	1		bootstrap.min.css	1603571788887	1603571789176	OK	 
REQUEST	1		font-awesome.min.css	1603571788888	1603571789202	OK	 
REQUEST	1		owl.carousel.css	1603571788890	1603571789213	OK	 
REQUEST	1		owl.theme.css	1603571788891	1603571789221	OK	 
REQUEST	1		owl.transitions.css	1603571788892	1603571789226	OK	 
REQUEST	1		jquery.maskedinput.min.js	1603571788894	1603571789233	OK	 
REQUEST	1		jquery.maskedinput.js	1603571788909	1603571789236	OK	 
REQUEST	1		jquery.maskedinput-1.2.2.js	1603571788910	1603571789240	OK	 
REQUEST	1		start.js	1603571788911	1603571789248	OK	 
REQUEST	1		credit.css	1603571788911	1603571789253	OK	 
REQUEST	1		animate.css	1603571789169	1603571789279	OK	 
REQUEST	1		main.css	1603571789199	1603571789284	OK	 
REQUEST	1		style.css	1603571789208	1603571789290	OK	 
REQUEST	1		responsive.css	1603571789218	1603571789299	OK	 
REQUEST	1		jquery-1.11.3.min.js	1603571789223	1603571789313	OK	 
REQUEST	1		logo.png	1603571789229	1603571789317	OK	 
REQUEST	1		start.js	1603571788913	1603571789320	OK	 
REQUEST	1		1600959761_1.jpg	1603571789282	1603571789353	OK	 
REQUEST	1		jquery.countdown.min.js	1603571788914	1603571789370	OK	 
REQUEST	1		250_1603013739_27316.jpg	1603571789354	1603571789377	OK	 
REQUEST	1		magnific-popup.min.css	1603571788929	1603571789388	OK	 
REQUEST	1		css?family=Raleway:400,600	1603571788933	1603571789395	OK	 
REQUEST	1		250_1603013712_87278.jpg	1603571789379	1603571789397	OK	 
REQUEST	1		1600959775_1.jpeg	1603571789286	1603571789400	OK	 
REQUEST	1		1575716497_1.png	1603571789295	1603571789404	OK	 
REQUEST	1		css?family=Roboto:400,700	1603571788948	1603571789411	OK	 
REQUEST	1		css?family=PT+Sans	1603571788948	1603571789414	OK	 
REQUEST	1		jquery.magnific-popup.min.js	1603571788928	1603571789420	OK	 
REQUEST	1		slick.min.css	1603571788930	1603571789423	OK	 
REQUEST	1		slick-theme.min.css	1603571788930	1603571789426	OK	 
REQUEST	1		slick.min.js	1603571788931	1603571789431	OK	 
REQUEST	1		250_1603013651_11288.jpg	1603571789402	1603571789433	OK	 
REQUEST	1		250_1603013676_51380.png	1603571789398	1603571789437	OK	 
REQUEST	1		wow.min.js	1603571789438	1603571789455	OK	 
REQUEST	1		bootstrap.min.js	1603571789434	1603571789459	OK	 
REQUEST	1		quickview-photo.jpg	1603571789406	1603571789462	OK	 
REQUEST	1		jquery.meanmenu.js	1603571789457	1603571789476	OK	 
REQUEST	1		owl.carousel.min.js	1603571789460	1603571789481	OK	 
REQUEST	1		countdon.min.js	1603571789463	1603571789484	OK	 
REQUEST	1		1574841914_1.png	1603571789318	1603571789490	OK	 
REQUEST	1		jquery-price-slider.js	1603571789478	1603571789496	OK	 
REQUEST	1		jquery.nivo.slider.js	1603571789482	1603571789498	OK	 
REQUEST	1		plugins.js	1603571789485	1603571789501	OK	 
REQUEST	1		main.js	1603571789492	1603571789508	OK	 
REQUEST	1		1574841914_2.png	1603571789306	1603571789562	OK	 
REQUEST	1		1575716087_1.png	1603571789315	1603571789579	OK	 
REQUEST	1		request_1	1603571791596	1603571791645	OK	 
REQUEST	1		request_2	1603571807656	1603571807971	OK	 
REQUEST	1		favicon.png	1603571808077	1603571808092	OK	 
REQUEST	1		owl.theme.css	1603571808080	1603571808099	OK	 
REQUEST	1		owl.transitions.css	1603571808081	1603571808102	OK	 
REQUEST	1		font-awesome.min.css	1603571808078	1603571808104	OK	 
REQUEST	1		owl.carousel.css	1603571808079	1603571808106	OK	 
REQUEST	1		bootstrap.min.css	1603571808078	1603571808107	OK	 
REQUEST	1		jquery.maskedinput.min.js	1603571808082	1603571808109	OK	 
REQUEST	1		jquery.maskedinput.js	1603571808085	1603571808110	OK	 
REQUEST	1		jquery.maskedinput-1.2.2.js	1603571808086	1603571808111	OK	 
REQUEST	1		start.js	1603571808087	1603571808112	OK	 
REQUEST	1		credit.css	1603571808089	1603571808114	OK	 
REQUEST	1		start.js	1603571808090	1603571808115	OK	 
REQUEST	1		250_1449005045_74723.jpg	1603571808097	1603571808116	OK	 
REQUEST	1		250_1600957849_37438.jpg	1603571808105	1603571808122	OK	 
REQUEST	1		250_1600957896_19792.jpg	1603571808108	1603571808128	OK	 
REQUEST	1		250_1600957981_40270.jpg	1603571808117	1603571808134	OK	 
REQUEST	1		250_1600955567_63698.png	1603571808106	1603571808140	OK	 
REQUEST	1		250_1600955873_78030.png	1603571808101	1603571808155	OK	 
REQUEST	1		250_1603012761_17889.png	1603571808123	1603571808157	OK	 
REQUEST	1		250_1600956615_84414.png	1603571808129	1603571808163	OK	 
REQUEST	1		250_1600956656_56377.png	1603571808141	1603571808172	OK	 
REQUEST	1		250_1600956671_50665.png	1603571808135	1603571808180	OK	 
REQUEST	1		250_1600957064_91262.png	1603571808156	1603571808191	OK	 
REQUEST	1		250_1600955911_30166.png	1603571808103	1603571808195	OK	 
REQUEST	1		250_1600956104_71359.png	1603571808158	1603571808197	OK	 
REQUEST	1		250_1600956142_31338.png	1603571808164	1603571808201	OK	 
REQUEST	1		250_1600956233_25667.png	1603571808173	1603571808215	OK	 
REQUEST	1		250_1603013552_63449.jpg	1603571808196	1603571808217	OK	 
REQUEST	1		250_1600959167_24925.jpg	1603571808198	1603571808219	OK	 
REQUEST	1		250_1600956298_15942.png	1603571808181	1603571808221	OK	 
REQUEST	1		250_1600956543_49351.png	1603571808194	1603571808229	OK	 
REQUEST	1		250_1600957549_38981.png	1603571808202	1603571808244	OK	 
REQUEST	1		250_1600957585_35342.png	1603571808216	1603571808247	OK	 
REQUEST	1		request_3	1603571820248	1603571820387	OK	 
REQUEST	1		font-awesome.min.css	1603571820464	1603571820481	OK	 
REQUEST	1		bootstrap.min.css	1603571820462	1603571820485	OK	 
REQUEST	1		favicon.png	1603571820461	1603571820488	OK	 
REQUEST	1		owl.transitions.css	1603571820468	1603571820490	OK	 
REQUEST	1		owl.theme.css	1603571820467	1603571820491	OK	 
REQUEST	1		owl.carousel.css	1603571820465	1603571820492	OK	 
REQUEST	1		1449005045_74723.jpg	1603571820484	1603571820517	OK	 
REQUEST	1		credit.css	1603571820477	1603571820561	OK	 
REQUEST	1		jquery.maskedinput.js	1603571820472	1603571820562	OK	 
REQUEST	1		start.js	1603571820478	1603571820564	OK	 
REQUEST	1		jquery.maskedinput.min.js	1603571820470	1603571820565	OK	 
REQUEST	1		jquery.maskedinput-1.2.2.js	1603571820474	1603571820568	OK	 
REQUEST	1		start.js	1603571820476	1603571820572	OK	 
REQUEST	1		request_4	1603571832605	1603571832715	KO	status.find.is(200), but actually found 500
REQUEST	1		request_5	1603571846711	1603571846875	OK	 
REQUEST	1		favicon.png	1603571846940	1603571846955	OK	 
REQUEST	1		owl.carousel.css	1603571846943	1603571846959	OK	 
REQUEST	1		owl.theme.css	1603571846943	1603571846959	OK	 
REQUEST	1		owl.transitions.css	1603571846944	1603571846960	OK	 
REQUEST	1		bootstrap.min.css	1603571846941	1603571846961	OK	 
REQUEST	1		font-awesome.min.css	1603571846942	1603571846962	OK	 
REQUEST	1		jquery.maskedinput.js	1603571846945	1603571846962	OK	 
REQUEST	1		jquery.maskedinput.min.js	1603571846945	1603571846963	OK	 
REQUEST	1		jquery.maskedinput-1.2.2.js	1603571846946	1603571846964	OK	 
REQUEST	1		start.js	1603571846947	1603571846965	OK	 
REQUEST	1		credit.css	1603571846948	1603571846966	OK	 
REQUEST	1		start.js	1603571846949	1603571846966	OK	 
REQUEST	1		request_6	1603571855966	1603571856074	KO	status.find.in(200,201,202,203,204,205,206,207,208,209,304), found 500
REQUEST	1		request_11	1603571857079	1603571857186	KO	status.find.in(200,201,202,203,204,205,206,207,208,209,304), found 500
REQUEST	1		request_13	1603571867175	1603571867314	OK	 
REQUEST	1		favicon.png	1603571867357	1603571867372	OK	 
REQUEST	1		owl.carousel.css	1603571867360	1603571867375	OK	 
REQUEST	1		bootstrap.min.css	1603571867358	1603571867376	OK	 
REQUEST	1		font-awesome.min.css	1603571867359	1603571867378	OK	 
REQUEST	1		owl.theme.css	1603571867360	1603571867380	OK	 
REQUEST	1		owl.transitions.css	1603571867361	1603571867381	OK	 
REQUEST	1		jquery.maskedinput.js	1603571867364	1603571867381	OK	 
REQUEST	1		jquery.maskedinput.min.js	1603571867362	1603571867382	OK	 
REQUEST	1		jquery.maskedinput-1.2.2.js	1603571867365	1603571867383	OK	 
REQUEST	1		credit.css	1603571867369	1603571867384	OK	 
REQUEST	1		start.js	1603571867368	1603571867385	OK	 
REQUEST	1		start.js	1603571867370	1603571867386	OK	 
REQUEST	1		1449485166_85919.jpeg	1603571867374	1603571867409	OK	 
REQUEST	1		1449485166_23111.png	1603571867377	1603571867442	OK	 
REQUEST	1		1449485166_45860.png	1603571867375	1603571867605	OK	 
REQUEST	1		request_14	1603571883613	1603571883773	KO	status.find.in(200,201,202,203,204,205,206,207,208,209,304), found 500
USER	RecordedSimulation	1	END	1603571788267	1603571883804
