ASSERTION	AAECAAMEAAAAAAAAwFdA
RUN	demoanton.RecordedSimulation	recordedsimulation	1603569043594	 	3.3.1
USER	RecordedSimulation	1	START	1603569045879	1603569045879
REQUEST	1		homePage	1603569045931	1603569046198	OK	 
REQUEST	1		iPhonePage	1603569047920	1603569048160	OK	 
USER	RecordedSimulation	2	START	1603569048860	1603569048860
REQUEST	2		homePage	1603569048863	1603569049089	OK	 
USER	RecordedSimulation	3	START	1603569052840	1603569052840
REQUEST	3		homePage	1603569052841	1603569053146	OK	 
REQUEST	2		iPhonePage	1603569053030	1603569054316	OK	 
REQUEST	3		iPhonePage	1603569056343	1603569056604	OK	 
USER	RecordedSimulation	4	START	1603569056870	1603569056870
REQUEST	4		homePage	1603569056873	1603569057193	OK	 
REQUEST	4		iPhonePage	1603569058651	1603569058896	OK	 
REQUEST	1		selectedIPhonePage	1603569061126	1603569061277	OK	 
REQUEST	1		buyAndGoToCart	1603569065241	1603569065350	KO	status.find.is(200), but actually found 500
REQUEST	2		selectedIPhonePage	1603569067313	1603569067445	OK	 
REQUEST	1		homePageAgain	1603569068412	1603569068519	OK	 
REQUEST	3		selectedIPhonePage	1603569069613	1603569069749	OK	 
REQUEST	1		watchPage	1603569070713	1603569070936	OK	 
REQUEST	4		selectedIPhonePage	1603569071873	1603569072008	OK	 
REQUEST	2		buyAndGoToCart	1603569072432	1603569072539	KO	status.find.is(200), but actually found 500
REQUEST	3		buyAndGoToCart	1603569074584	1603569074695	KO	status.find.is(200), but actually found 500
REQUEST	4		buyAndGoToCart	1603569076119	1603569076264	KO	status.find.is(200), but actually found 500
REQUEST	2		homePageAgain	1603569076321	1603569076456	OK	 
REQUEST	3		homePageAgain	1603569076182	1603569077354	OK	 
REQUEST	4		homePageAgain	1603569078742	1603569078853	OK	 
REQUEST	3		watchPage	1603569081070	1603569081294	OK	 
REQUEST	2		watchPage	1603569081322	1603569081547	OK	 
REQUEST	4		watchPage	1603569082873	1603569083083	OK	 
REQUEST	1		selectedWatchPage	1603569085928	1603569086069	OK	 
REQUEST	1		buyAndGoToCartFromWatch	1603569088665	1603569088770	OK	 
USER	RecordedSimulation	1	END	1603569045879	1603569088784
REQUEST	3		selectedWatchPage	1603569096283	1603569096433	OK	 
REQUEST	2		selectedWatchPage	1603569096562	1603569096708	OK	 
REQUEST	4		selectedWatchPage	1603569098083	1603569098225	OK	 
REQUEST	2		buyAndGoToCartFromWatch	1603569100596	1603569100698	OK	 
USER	RecordedSimulation	2	END	1603569048860	1603569100702
REQUEST	3		buyAndGoToCartFromWatch	1603569100690	1603569100790	OK	 
USER	RecordedSimulation	3	END	1603569052840	1603569100793
REQUEST	4		buyAndGoToCartFromWatch	1603569102773	1603569102874	OK	 
USER	RecordedSimulation	4	END	1603569056870	1603569102876
