ASSERTION	AAECAAMEAAAAAAAAwFdA
RUN	demoanton.RecordedSimulation	recordedsimulation	1603568704420	 	3.3.1
USER	RecordedSimulation	1	START	1603568706217	1603568706217
REQUEST	1		homePage	1603568706264	1603568706527	OK	 
USER	RecordedSimulation	2	START	1603568709203	1603568709203
REQUEST	2		homePage	1603568709206	1603568709386	OK	 
REQUEST	1		iPhonePage	1603568711040	1603568711272	OK	 
USER	RecordedSimulation	3	START	1603568713208	1603568713208
REQUEST	2		iPhonePage	1603568713131	1603568713385	OK	 
REQUEST	3		homePage	1603568713213	1603568714463	OK	 
USER	RecordedSimulation	4	START	1603568717203	1603568717203
REQUEST	3		iPhonePage	1603568717154	1603568717405	OK	 
REQUEST	4		homePage	1603568717204	1603568718415	OK	 
REQUEST	4		iPhonePage	1603568721965	1603568722234	OK	 
REQUEST	1		selectedIPhonePage	1603568724285	1603568724418	OK	 
REQUEST	2		selectedIPhonePage	1603568726390	1603568726664	OK	 
REQUEST	1		buyAndGoToCart	1603568729171	1603568729280	KO	status.find.is(200), but actually found 500
REQUEST	2		buyAndGoToCart	1603568729609	1603568729722	KO	status.find.is(200), but actually found 500
REQUEST	3		selectedIPhonePage	1603568730404	1603568730543	OK	 
REQUEST	2		homePageAgain	1603568732494	1603568732605	OK	 
REQUEST	3		buyAndGoToCart	1603568732726	1603568732829	KO	status.find.is(200), but actually found 500
REQUEST	1		homePageAgain	1603568732899	1603568733010	OK	 
REQUEST	2		watchPage	1603568734107	1603568734315	OK	 
REQUEST	4		selectedIPhonePage	1603568735248	1603568735381	OK	 
REQUEST	3		homePageAgain	1603568737710	1603568737835	OK	 
REQUEST	1		watchPage	1603568737992	1603568738190	OK	 
REQUEST	3		watchPage	1603568740185	1603568740410	OK	 
REQUEST	4		buyAndGoToCart	1603568740283	1603568741454	KO	status.find.is(200), but actually found 500
REQUEST	4		homePageAgain	1603568743694	1603568743844	OK	 
REQUEST	4		watchPage	1603568746394	1603568746616	OK	 
REQUEST	2		selectedWatchPage	1603568749343	1603568749478	OK	 
REQUEST	2		buyAndGoToCartFromWatch	1603568753038	1603568753142	OK	 
USER	RecordedSimulation	2	END	1603568709203	1603568753158
REQUEST	1		selectedWatchPage	1603568753190	1603568753333	OK	 
REQUEST	3		selectedWatchPage	1603568755419	1603568755568	OK	 
REQUEST	1		buyAndGoToCartFromWatch	1603568756481	1603568756596	OK	 
USER	RecordedSimulation	1	END	1603568706217	1603568756598
REQUEST	3		buyAndGoToCartFromWatch	1603568758328	1603568758438	OK	 
USER	RecordedSimulation	3	END	1603568713208	1603568758443
REQUEST	4		selectedWatchPage	1603568761644	1603568761785	OK	 
REQUEST	4		buyAndGoToCartFromWatch	1603568766124	1603568766231	OK	 
USER	RecordedSimulation	4	END	1603568717203	1603568766232
