ASSERTION	AAECAAMEAAAAAAAAwFdA
RUN	demoanton.RecordedSimulation	recordedsimulation	1603738665269	 	3.3.1
USER	RecordedSimulation	1	START	1603738666706	1603738666706
REQUEST	1		homePage	1603738666754	1603738667039	OK	 
REQUEST	1		iPhonePage	1603738669236	1603738669475	OK	 
USER	RecordedSimulation	2	START	1603738669700	1603738669700
REQUEST	2		homePage	1603738669701	1603738669924	OK	 
REQUEST	2		iPhonePage	1603738672167	1603738672443	OK	 
USER	RecordedSimulation	3	START	1603738673709	1603738673709
REQUEST	1		selectedIPhonePage	1603738673695	1603738673828	OK	 
REQUEST	3		homePage	1603738673711	1603738674975	OK	 
REQUEST	2		selectedIPhonePage	1603738675865	1603738675999	OK	 
USER	RecordedSimulation	4	START	1603738677705	1603738677705
REQUEST	3		iPhonePage	1603738677537	1603738677789	OK	 
REQUEST	4		homePage	1603738677707	1603738677926	OK	 
REQUEST	4		iPhonePage	1603738680097	1603738680323	OK	 
REQUEST	3		selectedIPhonePage	1603738681067	1603738681200	OK	 
REQUEST	1		buyAndGoToCart	1603738682844	1603738682950	OK	 
REQUEST	2		buyAndGoToCart	1603738685004	1603738685108	OK	 
REQUEST	4		selectedIPhonePage	1603738685197	1603738685329	OK	 
REQUEST	3		buyAndGoToCart	1603738690203	1603738690312	OK	 
REQUEST	4		buyAndGoToCart	1603738694337	1603738694441	OK	 
REQUEST	1		homePageAgain	1603738694947	1603738695058	OK	 
REQUEST	2		homePageAgain	1603738697098	1603738697215	OK	 
REQUEST	3		homePageAgain	1603738702296	1603738702419	OK	 
REQUEST	1		watchPage	1603738704067	1603738704268	OK	 
REQUEST	2		watchPage	1603738706224	1603738706463	OK	 
REQUEST	4		homePageAgain	1603738706427	1603738707597	OK	 
REQUEST	3		watchPage	1603738711426	1603738711645	OK	 
REQUEST	4		watchPage	1603738716609	1603738716837	OK	 
REQUEST	1		selectedWatchPage	1603738719265	1603738719397	OK	 
REQUEST	2		selectedWatchPage	1603738721462	1603738721594	OK	 
REQUEST	1		buyAndGoToCartFromWatch	1603738726395	1603738726499	KO	status.find.in(200,201,202,203,204,205,206,207,208,209,304), found 500
USER	RecordedSimulation	1	END	1603738666706	1603738726522
REQUEST	3		selectedWatchPage	1603738726659	1603738726806	OK	 
REQUEST	2		buyAndGoToCartFromWatch	1603738728596	1603738728702	KO	status.find.in(200,201,202,203,204,205,206,207,208,209,304), found 500
USER	RecordedSimulation	2	END	1603738669700	1603738728703
REQUEST	4		selectedWatchPage	1603738731826	1603738731978	OK	 
REQUEST	3		buyAndGoToCartFromWatch	1603738733791	1603738733895	KO	status.find.in(200,201,202,203,204,205,206,207,208,209,304), found 500
USER	RecordedSimulation	3	END	1603738673709	1603738733899
REQUEST	4		buyAndGoToCartFromWatch	1603738738991	1603738739095	KO	status.find.in(200,201,202,203,204,205,206,207,208,209,304), found 500
USER	RecordedSimulation	4	END	1603738677705	1603738739099
