ASSERTION	AAECAAMEAAAAAAAAwFdA
RUN	demoanton.RecordedSimulation	recordedsimulation	1603484363493	 	3.3.1
USER	RecordedSimulation	1	START	1603484365237	1603484365237
REQUEST	1		homePage	1603484365295	1603484365568	KO	regex(<title>(.+?)</title>).find.is( ApplGadjet), but actually found  AppleGadjet
REQUEST	1		iPhonePage	1603484367554	1603484367788	OK	 
USER	RecordedSimulation	2	START	1603484368187	1603484368187
REQUEST	2		homePage	1603484368190	1603484368387	KO	regex(<title>(.+?)</title>).find.is( ApplGadjet), but actually found  AppleGadjet
USER	RecordedSimulation	3	START	1603484372198	1603484372198
REQUEST	3		homePage	1603484372200	1603484372490	KO	regex(<title>(.+?)</title>).find.is( ApplGadjet), but actually found  AppleGadjet
REQUEST	2		iPhonePage	1603484372699	1603484372938	OK	 
REQUEST	3		iPhonePage	1603484374165	1603484374396	OK	 
USER	RecordedSimulation	4	START	1603484376189	1603484376189
REQUEST	4		homePage	1603484376191	1603484376402	KO	regex(<title>(.+?)</title>).find.is( ApplGadjet), but actually found  AppleGadjet
REQUEST	1		selectedIPhonePage	1603484380782	1603484380951	OK	 
REQUEST	4		iPhonePage	1603484381048	1603484381288	OK	 
REQUEST	1		buyAndGoToCart	1603484382754	1603484382861	OK	 
REQUEST	1		homePageAgain	1603484384116	1603484384245	OK	 
REQUEST	1		watchPage	1603484385347	1603484385567	OK	 
REQUEST	2		selectedIPhonePage	1603484385937	1603484386082	OK	 
REQUEST	3		selectedIPhonePage	1603484387380	1603484387526	OK	 
REQUEST	2		buyAndGoToCart	1603484390977	1603484391086	OK	 
REQUEST	3		buyAndGoToCart	1603484392482	1603484392583	OK	 
REQUEST	2		homePageAgain	1603484393450	1603484393592	OK	 
REQUEST	4		selectedIPhonePage	1603484394286	1603484394417	OK	 
REQUEST	3		homePageAgain	1603484396829	1603484396944	OK	 
REQUEST	4		buyAndGoToCart	1603484397188	1603484397294	OK	 
REQUEST	2		watchPage	1603484397839	1603484398047	OK	 
REQUEST	3		watchPage	1603484399312	1603484399523	OK	 
REQUEST	1		selectedWatchPage	1603484400575	1603484400746	OK	 
REQUEST	4		homePageAgain	1603484401115	1603484401239	OK	 
REQUEST	1		buyAndGoToCartFromWatch	1603484402912	1603484403021	OK	 
USER	RecordedSimulation	1	END	1603484365237	1603484403039
REQUEST	4		watchPage	1603484404352	1603484404564	OK	 
REQUEST	2		selectedWatchPage	1603484413032	1603484413338	OK	 
REQUEST	3		selectedWatchPage	1603484414529	1603484414677	OK	 
REQUEST	2		buyAndGoToCartFromWatch	1603484415909	1603484416017	OK	 
USER	RecordedSimulation	2	END	1603484368187	1603484416021
REQUEST	3		buyAndGoToCartFromWatch	1603484418136	1603484418247	OK	 
USER	RecordedSimulation	3	END	1603484372198	1603484418251
REQUEST	4		selectedWatchPage	1603484419570	1603484419761	OK	 
REQUEST	4		buyAndGoToCartFromWatch	1603484423229	1603484423334	OK	 
USER	RecordedSimulation	4	END	1603484376189	1603484423338
