ASSERTION	AAECAAMEAAAAAAAAwFdA
RUN	demoanton.RecordedSimulation	recordedsimulation	1603569648147	 	3.3.1
USER	RecordedSimulation	1	START	1603569650222	1603569650222
REQUEST	1		homePage	1603569650272	1603569650536	OK	 
USER	RecordedSimulation	2	START	1603569653200	1603569653200
REQUEST	2		homePage	1603569653201	1603569653396	OK	 
REQUEST	1		iPhonePage	1603569653458	1603569653699	OK	 
USER	RecordedSimulation	3	START	1603569657208	1603569657208
REQUEST	2		iPhonePage	1603569657134	1603569657360	OK	 
REQUEST	3		homePage	1603569657211	1603569658433	OK	 
USER	RecordedSimulation	4	START	1603569661200	1603569661200
REQUEST	4		homePage	1603569661202	1603569661382	OK	 
REQUEST	3		iPhonePage	1603569661602	1603569661846	OK	 
REQUEST	4		iPhonePage	1603569663990	1603569664283	OK	 
REQUEST	1		selectedIPhonePage	1603569666705	1603569666848	OK	 
REQUEST	2		selectedIPhonePage	1603569670351	1603569670492	OK	 
REQUEST	1		buyAndGoToCart	1603569670575	1603569670686	KO	status.find.is(200), but actually found 500
REQUEST	1		homePageAgain	1603569672898	1603569673009	OK	 
REQUEST	2		buyAndGoToCart	1603569674367	1603569674474	KO	status.find.is(200), but actually found 500
REQUEST	3		selectedIPhonePage	1603569674849	1603569675541	OK	 
REQUEST	1		watchPage	1603569676734	1603569676982	OK	 
REQUEST	3		buyAndGoToCart	1603569677041	1603569677144	KO	status.find.is(200), but actually found 500
REQUEST	4		selectedIPhonePage	1603569677291	1603569677423	OK	 
REQUEST	2		homePageAgain	1603569677374	1603569678578	OK	 
REQUEST	2		watchPage	1603569680232	1603569680452	OK	 
REQUEST	4		buyAndGoToCart	1603569681476	1603569681582	KO	status.find.is(200), but actually found 500
REQUEST	3		homePageAgain	1603569681506	1603569682655	OK	 
REQUEST	3		watchPage	1603569684182	1603569684401	OK	 
REQUEST	4		homePageAgain	1603569686485	1603569686608	OK	 
REQUEST	4		watchPage	1603569688915	1603569689126	OK	 
REQUEST	1		selectedWatchPage	1603569691972	1603569692109	OK	 
REQUEST	1		buyAndGoToCartFromWatch	1603569694520	1603569694624	OK	 
USER	RecordedSimulation	1	END	1603569650222	1603569694640
REQUEST	2		selectedWatchPage	1603569695463	1603569695611	OK	 
REQUEST	2		buyAndGoToCartFromWatch	1603569698736	1603569698843	OK	 
USER	RecordedSimulation	2	END	1603569653200	1603569698847
REQUEST	3		selectedWatchPage	1603569699412	1603569699570	OK	 
REQUEST	3		buyAndGoToCartFromWatch	1603569703248	1603569703349	OK	 
USER	RecordedSimulation	3	END	1603569657208	1603569703353
REQUEST	4		selectedWatchPage	1603569704144	1603569704294	OK	 
REQUEST	4		buyAndGoToCartFromWatch	1603569709095	1603569709200	OK	 
USER	RecordedSimulation	4	END	1603569661200	1603569709205
