ASSERTION	AAECAAMEAAAAAAAAwFdA
RUN	demoanton.RecordedSimulation	recordedsimulation	1603571044079	 	3.3.1
USER	RecordedSimulation	1	START	1603571045997	1603571045997
REQUEST	1		homePage	1603571046047	1603571046329	OK	 
USER	RecordedSimulation	2	START	1603571048980	1603571048980
REQUEST	2		homePage	1603571048984	1603571049177	OK	 
REQUEST	1		iPhonePage	1603571049171	1603571049410	OK	 
REQUEST	2		iPhonePage	1603571050912	1603571051158	OK	 
USER	RecordedSimulation	3	START	1603571052983	1603571052983
REQUEST	3		homePage	1603571052985	1603571053223	OK	 
USER	RecordedSimulation	4	START	1603571056970	1603571056970
REQUEST	4		homePage	1603571056974	1603571057179	OK	 
REQUEST	3		iPhonePage	1603571057063	1603571058339	OK	 
REQUEST	4		iPhonePage	1603571059622	1603571059889	OK	 
REQUEST	1		selectedIPhonePage	1603571062410	1603571062552	OK	 
REQUEST	2		selectedIPhonePage	1603571064158	1603571064296	OK	 
REQUEST	1		buyAndGoToCart	1603571066266	1603571066375	KO	status.find.is(200), but actually found 500
REQUEST	2		buyAndGoToCart	1603571068809	1603571068914	KO	status.find.is(200), but actually found 500
REQUEST	1		homePageAgain	1603571069281	1603571069498	OK	 
REQUEST	1		watchPage	1603571070532	1603571070743	OK	 
REQUEST	3		selectedIPhonePage	1603571071337	1603571071469	OK	 
REQUEST	2		homePageAgain	1603571071966	1603571072131	OK	 
REQUEST	4		selectedIPhonePage	1603571072891	1603571073019	OK	 
REQUEST	3		buyAndGoToCart	1603571073563	1603571073667	KO	status.find.is(200), but actually found 500
REQUEST	2		watchPage	1603571074331	1603571074546	OK	 
REQUEST	4		buyAndGoToCart	1603571074602	1603571074706	KO	status.find.is(200), but actually found 500
REQUEST	3		homePageAgain	1603571077429	1603571077598	OK	 
REQUEST	4		homePageAgain	1603571079001	1603571079171	OK	 
REQUEST	3		watchPage	1603571080781	1603571080988	OK	 
REQUEST	4		watchPage	1603571081430	1603571081639	OK	 
REQUEST	1		selectedWatchPage	1603571085735	1603571085899	OK	 
REQUEST	1		buyAndGoToCartFromWatch	1603571089581	1603571089917	OK	 
USER	RecordedSimulation	1	END	1603571045997	1603571089937
REQUEST	2		selectedWatchPage	1603571089544	1603571091046	OK	 
REQUEST	2		buyAndGoToCartFromWatch	1603571094574	1603571094681	OK	 
USER	RecordedSimulation	2	END	1603571048980	1603571094684
REQUEST	3		selectedWatchPage	1603571095981	1603571096160	OK	 
REQUEST	4		selectedWatchPage	1603571096639	1603571096790	OK	 
REQUEST	4		buyAndGoToCartFromWatch	1603571098373	1603571098475	OK	 
USER	RecordedSimulation	4	END	1603571056970	1603571098477
REQUEST	3		buyAndGoToCartFromWatch	1603571100916	1603571101019	OK	 
USER	RecordedSimulation	3	END	1603571052983	1603571101021
