ASSERTION	AAECAAMEAAAAAAAAwFdA
RUN	demoanton.RecordedSimulation	recordedsimulation	1603572356856	 	3.3.1
USER	RecordedSimulation	1	START	1603572358613	1603572358613
REQUEST	1		homePage	1603572358662	1603572358947	OK	 
USER	RecordedSimulation	2	START	1603572361581	1603572361581
REQUEST	2		homePage	1603572361582	1603572362314	OK	 
REQUEST	1		iPhonePage	1603572361837	1603572363450	OK	 
REQUEST	2		iPhonePage	1603572364231	1603572364473	OK	 
USER	RecordedSimulation	3	START	1603572365581	1603572365581
REQUEST	3		homePage	1603572365583	1603572365847	OK	 
REQUEST	3		iPhonePage	1603572367762	1603572368006	OK	 
USER	RecordedSimulation	4	START	1603572369577	1603572369577
REQUEST	4		homePage	1603572369579	1603572369777	OK	 
REQUEST	4		iPhonePage	1603572373591	1603572373832	OK	 
REQUEST	1		selectedIPhonePage	1603572376443	1603572376584	OK	 
REQUEST	2		selectedIPhonePage	1603572377464	1603572377604	OK	 
REQUEST	1		buyAndGoToCart	1603572379831	1603572379936	KO	status.find.is(200), but actually found 500
REQUEST	3		selectedIPhonePage	1603572380999	1603572381136	OK	 
REQUEST	2		buyAndGoToCart	1603572382052	1603572382161	KO	status.find.is(200), but actually found 500
REQUEST	1		homePageAgain	1603572383540	1603572383668	OK	 
REQUEST	3		buyAndGoToCart	1603572385373	1603572385476	KO	status.find.is(200), but actually found 500
REQUEST	1		watchPage	1603572385822	1603572386067	OK	 
REQUEST	4		selectedIPhonePage	1603572386842	1603572386981	OK	 
REQUEST	2		homePageAgain	1603572386013	1603572387215	OK	 
REQUEST	3		homePageAgain	1603572389065	1603572389175	OK	 
REQUEST	2		watchPage	1603572389583	1603572389808	OK	 
REQUEST	4		buyAndGoToCart	1603572390583	1603572390687	KO	status.find.is(200), but actually found 500
REQUEST	4		homePageAgain	1603572391725	1603572391838	OK	 
REQUEST	3		watchPage	1603572393292	1603572393512	OK	 
REQUEST	4		watchPage	1603572395700	1603572395930	OK	 
REQUEST	1		selectedWatchPage	1603572401070	1603572401225	OK	 
REQUEST	1		buyAndGoToCartFromWatch	1603572403611	1603572403723	OK	 
USER	RecordedSimulation	1	END	1603572358613	1603572403735
REQUEST	2		selectedWatchPage	1603572404802	1603572404949	OK	 
REQUEST	2		buyAndGoToCartFromWatch	1603572407594	1603572407699	OK	 
USER	RecordedSimulation	2	END	1603572361581	1603572407703
REQUEST	3		selectedWatchPage	1603572408531	1603572408667	OK	 
REQUEST	3		buyAndGoToCartFromWatch	1603572410454	1603572410564	OK	 
USER	RecordedSimulation	3	END	1603572365581	1603572410566
REQUEST	4		selectedWatchPage	1603572410937	1603572411074	OK	 
REQUEST	4		buyAndGoToCartFromWatch	1603572415052	1603572415164	OK	 
USER	RecordedSimulation	4	END	1603572369577	1603572415166
