ASSERTION	AAECAAMEAAAAAAAAwFdA
RUN	demoanton.RecordedSimulation	recordedsimulation	1603569904985	 	3.3.1
USER	RecordedSimulation	1	START	1603569906867	1603569906867
REQUEST	1		homePage	1603569906918	1603569907186	OK	 
REQUEST	1		iPhonePage	1603569908276	1603569908527	OK	 
USER	RecordedSimulation	2	START	1603569909844	1603569909844
REQUEST	2		homePage	1603569909849	1603569910048	OK	 
USER	RecordedSimulation	3	START	1603569913859	1603569913859
REQUEST	3		homePage	1603569913863	1603569914092	OK	 
REQUEST	2		iPhonePage	1603569914548	1603569914792	OK	 
REQUEST	3		iPhonePage	1603569916665	1603569916907	OK	 
USER	RecordedSimulation	4	START	1603569917825	1603569917825
REQUEST	4		homePage	1603569917827	1603569918014	OK	 
REQUEST	4		iPhonePage	1603569920136	1603569920953	OK	 
REQUEST	1		selectedIPhonePage	1603569921530	1603569921671	OK	 
REQUEST	1		buyAndGoToCart	1603569925308	1603569925423	KO	status.find.is(200), but actually found 500
REQUEST	2		selectedIPhonePage	1603569927805	1603569927973	OK	 
REQUEST	1		homePageAgain	1603569928960	1603569929076	OK	 
REQUEST	3		selectedIPhonePage	1603569929917	1603569930058	OK	 
REQUEST	1		watchPage	1603569930459	1603569930681	OK	 
REQUEST	2		buyAndGoToCart	1603569930833	1603569930937	KO	status.find.is(200), but actually found 500
REQUEST	3		buyAndGoToCart	1603569933164	1603569933269	KO	status.find.is(200), but actually found 500
REQUEST	2		homePageAgain	1603569933905	1603569934015	OK	 
REQUEST	4		selectedIPhonePage	1603569933969	1603569935135	OK	 
REQUEST	2		watchPage	1603569935783	1603569935992	OK	 
REQUEST	3		homePageAgain	1603569936190	1603569936299	OK	 
REQUEST	3		watchPage	1603569938452	1603569938667	OK	 
REQUEST	4		buyAndGoToCart	1603569939675	1603569939782	KO	status.find.is(200), but actually found 500
REQUEST	4		homePageAgain	1603569943025	1603569943155	OK	 
REQUEST	1		selectedWatchPage	1603569945665	1603569945804	OK	 
REQUEST	4		watchPage	1603569946655	1603569946879	OK	 
REQUEST	1		buyAndGoToCartFromWatch	1603569949241	1603569949349	OK	 
USER	RecordedSimulation	1	END	1603569906867	1603569949371
REQUEST	2		selectedWatchPage	1603569950977	1603569951153	OK	 
REQUEST	3		selectedWatchPage	1603569953645	1603569953781	OK	 
REQUEST	2		buyAndGoToCartFromWatch	1603569954035	1603569954136	OK	 
USER	RecordedSimulation	2	END	1603569909844	1603569954141
REQUEST	3		buyAndGoToCartFromWatch	1603569956941	1603569957041	OK	 
USER	RecordedSimulation	3	END	1603569913859	1603569957045
REQUEST	4		selectedWatchPage	1603569961875	1603569962019	OK	 
REQUEST	4		buyAndGoToCartFromWatch	1603569964347	1603569964448	OK	 
USER	RecordedSimulation	4	END	1603569917825	1603569964452
